-------------------------------------------------------------------------------
Test set: ru.praktikumService.qascooter.CreateOrderTest
-------------------------------------------------------------------------------
Tests run: 8, Failures: 0, Errors: 8, Skipped: 0, Time elapsed: 2.359 s <<< FAILURE! - in ru.praktikumService.qascooter.CreateOrderTest
createOrderDiffColorTest[0](ru.praktikumService.qascooter.CreateOrderTest)  Time elapsed: 0.659 s  <<< ERROR!
java.lang.ClassCastException: class java.lang.Integer cannot be cast to class java.lang.String (java.lang.Integer and java.lang.String are in module java.base of loader 'bootstrap')
	at ru.praktikumService.qascooter.CreateOrderTest.createOrderDiffColorTest(CreateOrderTest.java:64)

createOrderDiffColorTest[0](ru.praktikumService.qascooter.CreateOrderTest)  Time elapsed: 0.661 s  <<< ERROR!
java.lang.IllegalArgumentException: body cannot be null
	at ru.praktikumService.qascooter.CreateOrderTest.afterTest(CreateOrderTest.java:39)

createOrderDiffColorTest[1](ru.praktikumService.qascooter.CreateOrderTest)  Time elapsed: 0.531 s  <<< ERROR!
java.lang.ClassCastException: class java.lang.Integer cannot be cast to class java.lang.String (java.lang.Integer and java.lang.String are in module java.base of loader 'bootstrap')
	at ru.praktikumService.qascooter.CreateOrderTest.createOrderDiffColorTest(CreateOrderTest.java:64)

createOrderDiffColorTest[1](ru.praktikumService.qascooter.CreateOrderTest)  Time elapsed: 0.531 s  <<< ERROR!
java.lang.IllegalArgumentException: body cannot be null
	at ru.praktikumService.qascooter.CreateOrderTest.afterTest(CreateOrderTest.java:39)

createOrderDiffColorTest[2](ru.praktikumService.qascooter.CreateOrderTest)  Time elapsed: 0.573 s  <<< ERROR!
java.lang.ClassCastException: class java.lang.Integer cannot be cast to class java.lang.String (java.lang.Integer and java.lang.String are in module java.base of loader 'bootstrap')
	at ru.praktikumService.qascooter.CreateOrderTest.createOrderDiffColorTest(CreateOrderTest.java:64)

createOrderDiffColorTest[2](ru.praktikumService.qascooter.CreateOrderTest)  Time elapsed: 0.576 s  <<< ERROR!
java.lang.IllegalArgumentException: body cannot be null
	at ru.praktikumService.qascooter.CreateOrderTest.afterTest(CreateOrderTest.java:39)

createOrderDiffColorTest[3](ru.praktikumService.qascooter.CreateOrderTest)  Time elapsed: 0.472 s  <<< ERROR!
java.lang.ClassCastException: class java.lang.Integer cannot be cast to class java.lang.String (java.lang.Integer and java.lang.String are in module java.base of loader 'bootstrap')
	at ru.praktikumService.qascooter.CreateOrderTest.createOrderDiffColorTest(CreateOrderTest.java:64)

createOrderDiffColorTest[3](ru.praktikumService.qascooter.CreateOrderTest)  Time elapsed: 0.474 s  <<< ERROR!
java.lang.IllegalArgumentException: body cannot be null
	at ru.praktikumService.qascooter.CreateOrderTest.afterTest(CreateOrderTest.java:39)

